0 info it worked if it ends with ok
1 verbose cli [ '/Users/chsienlee/.nvm/v0.10.33/bin/node',
1 verbose cli   '/Users/chsienlee/.nvm/v0.10.33/bin/npm',
1 verbose cli   'run',
1 verbose cli   'lint' ]
2 info using npm@1.4.28
3 info using node@v0.10.33
4 verbose run-script [ 'prelint', 'lint', 'postlint' ]
5 info prelint wuwei@0.0.1
6 info lint wuwei@0.0.1
7 verbose unsafe-perm in lifecycle true
8 info wuwei@0.0.1 Failed to exec lint script
9 error wuwei@0.0.1 lint: `eslint src`
9 error Exit status 1
10 error Failed at the wuwei@0.0.1 lint script.
10 error This is most likely a problem with the wuwei package,
10 error not with npm itself.
10 error Tell the author that this fails on your system:
10 error     eslint src
10 error You can get their info via:
10 error     npm owner ls wuwei
10 error There is likely additional logging output above.
11 error System Darwin 14.3.0
12 error command "/Users/chsienlee/.nvm/v0.10.33/bin/node" "/Users/chsienlee/.nvm/v0.10.33/bin/npm" "run" "lint"
13 error cwd /Users/chsienlee/JavascriptWorkspace/wuwei
14 error node -v v0.10.33
15 error npm -v 1.4.28
16 error code ELIFECYCLE
17 verbose exit [ 1, true ]
